<?xml version="1.0" encoding="UTF-8"?>
<testng-results skipped="0" failed="0" ignored="0" total="1" passed="1">
  <reporter-output>
  </reporter-output>
  <suite name="Default suite" duration-ms="44312" started-at="2018-07-17T14:05:37Z" finished-at="2018-07-17T14:06:22Z">
    <groups>
    </groups>
    <test name="Default test" duration-ms="44312" started-at="2018-07-17T14:05:37Z" finished-at="2018-07-17T14:06:22Z">
      <class name="fileDownload.FileDownload">
        <test-method status="PASS" signature="setup()[pri:0, instance:fileDownload.FileDownload@4b9e13df]" name="setup" is-config="true" duration-ms="9" started-at="2018-07-17T14:05:37Z" finished-at="2018-07-17T14:05:37Z">
          <reporter-output>
          </reporter-output>
        </test-method> <!-- setup -->
        <test-method status="PASS" signature="downloadFile()[pri:0, instance:fileDownload.FileDownload@4b9e13df]" name="downloadFile" duration-ms="44263" started-at="2018-07-17T14:05:37Z" finished-at="2018-07-17T14:06:22Z">
          <reporter-output>
          </reporter-output>
        </test-method> <!-- downloadFile -->
        <test-method status="PASS" signature="tearDown()[pri:0, instance:fileDownload.FileDownload@4b9e13df]" name="tearDown" is-config="true" duration-ms="5" started-at="2018-07-17T14:06:22Z" finished-at="2018-07-17T14:06:22Z">
          <reporter-output>
          </reporter-output>
        </test-method> <!-- tearDown -->
      </class> <!-- fileDownload.FileDownload -->
    </test> <!-- Default test -->
  </suite> <!-- Default suite -->
</testng-results>
